<?xml version="1.0" encoding="UTF-8"?>
<!-- Generated by org.testng.reporters.JUnitReportReporter -->
<testsuite name="TestExample.Test1" tests="3" time="42.089" ignored="0" failures="0" timestamp="23 Mar 2017 23:26:23 GMT" skipped="0" hostname="BA10021SBORGOHA" errors="0">
  <testcase name="test3" time="37.451" classname="TestExample.Test1"/>
  <testcase name="test2" time="4.021" classname="TestExample.Test1"/>
  <testcase name="test1" time="0.617" classname="TestExample.Test1"/>
</testsuite> <!-- TestExample.Test1 -->
